[2022-07-17 11:56:32,088][torch.distributed.nn.jit.instantiator][INFO] - Created a temporary directory at /state/partition1/job-22376056/tmpgm07m900
[2022-07-17 11:56:32,089][torch.distributed.nn.jit.instantiator][INFO] - Writing /state/partition1/job-22376056/tmpgm07m900/_remote_module_non_sriptable.py
[2022-07-17 11:56:34,875][torch.distributed.distributed_c10d][INFO] - Added key: store_based_barrier_key:1 to store for rank: 3
[2022-07-17 11:56:34,885][torch.distributed.distributed_c10d][INFO] - Rank 3: Completed store-based barrier for key:store_based_barrier_key:1 with 4 nodes.
[2022-07-19 12:44:25,790][torch.distributed.nn.jit.instantiator][INFO] - Created a temporary directory at /state/partition1/job-22549451/tmpkh9uric1
[2022-07-19 12:44:25,791][torch.distributed.nn.jit.instantiator][INFO] - Writing /state/partition1/job-22549451/tmpkh9uric1/_remote_module_non_sriptable.py
[2022-07-19 12:44:28,981][torch.distributed.distributed_c10d][INFO] - Added key: store_based_barrier_key:1 to store for rank: 3
[2022-07-19 12:44:28,991][torch.distributed.distributed_c10d][INFO] - Rank 3: Completed store-based barrier for key:store_based_barrier_key:1 with 4 nodes.
[2022-07-19 14:49:59,655][torch.distributed.nn.jit.instantiator][INFO] - Created a temporary directory at /state/partition1/job-22553202/tmp263sc6ks
[2022-07-19 14:49:59,657][torch.distributed.nn.jit.instantiator][INFO] - Writing /state/partition1/job-22553202/tmp263sc6ks/_remote_module_non_sriptable.py
[2022-07-19 14:50:02,899][torch.distributed.distributed_c10d][INFO] - Added key: store_based_barrier_key:1 to store for rank: 3
[2022-07-19 14:50:02,910][torch.distributed.distributed_c10d][INFO] - Rank 3: Completed store-based barrier for key:store_based_barrier_key:1 with 4 nodes.
[2022-07-19 16:49:07,449][torch.distributed.nn.jit.instantiator][INFO] - Created a temporary directory at /state/partition1/job-22557397/tmpoqyh8ihj
[2022-07-19 16:49:07,450][torch.distributed.nn.jit.instantiator][INFO] - Writing /state/partition1/job-22557397/tmpoqyh8ihj/_remote_module_non_sriptable.py
[2022-07-19 16:49:10,658][torch.distributed.distributed_c10d][INFO] - Added key: store_based_barrier_key:1 to store for rank: 3
[2022-07-19 16:49:10,668][torch.distributed.distributed_c10d][INFO] - Rank 3: Completed store-based barrier for key:store_based_barrier_key:1 with 4 nodes.
[2022-07-20 02:52:10,710][torch.distributed.nn.jit.instantiator][INFO] - Created a temporary directory at /state/partition1/job-22567753/tmp28xpzsf4
[2022-07-20 02:52:10,711][torch.distributed.nn.jit.instantiator][INFO] - Writing /state/partition1/job-22567753/tmp28xpzsf4/_remote_module_non_sriptable.py
[2022-07-20 02:52:14,004][torch.distributed.distributed_c10d][INFO] - Added key: store_based_barrier_key:1 to store for rank: 3
[2022-07-20 02:52:14,014][torch.distributed.distributed_c10d][INFO] - Rank 3: Completed store-based barrier for key:store_based_barrier_key:1 with 4 nodes.
[2022-07-20 10:01:52,768][torch.distributed.nn.jit.instantiator][INFO] - Created a temporary directory at /state/partition1/job-22576926/tmp_2x0hb7n
[2022-07-20 10:01:52,769][torch.distributed.nn.jit.instantiator][INFO] - Writing /state/partition1/job-22576926/tmp_2x0hb7n/_remote_module_non_sriptable.py
[2022-07-20 10:01:58,476][torch.distributed.distributed_c10d][INFO] - Added key: store_based_barrier_key:1 to store for rank: 3
[2022-07-20 10:01:58,497][torch.distributed.distributed_c10d][INFO] - Rank 3: Completed store-based barrier for key:store_based_barrier_key:1 with 4 nodes.
[2022-07-22 04:01:34,841][torch.distributed.nn.jit.instantiator][INFO] - Created a temporary directory at /state/partition1/job-22647070/tmp2iyhcznh
[2022-07-22 04:01:34,846][torch.distributed.nn.jit.instantiator][INFO] - Writing /state/partition1/job-22647070/tmp2iyhcznh/_remote_module_non_sriptable.py
[2022-07-22 04:01:38,084][torch.distributed.distributed_c10d][INFO] - Added key: store_based_barrier_key:1 to store for rank: 3
[2022-07-22 04:01:38,098][torch.distributed.distributed_c10d][INFO] - Rank 3: Completed store-based barrier for key:store_based_barrier_key:1 with 4 nodes.
[2022-07-22 10:19:26,445][torch.distributed.nn.jit.instantiator][INFO] - Created a temporary directory at /state/partition1/job-22649262/tmp_4xa1cd3
[2022-07-22 10:19:26,455][torch.distributed.nn.jit.instantiator][INFO] - Writing /state/partition1/job-22649262/tmp_4xa1cd3/_remote_module_non_sriptable.py
[2022-07-22 10:19:29,686][torch.distributed.distributed_c10d][INFO] - Added key: store_based_barrier_key:1 to store for rank: 3
[2022-07-22 10:19:29,696][torch.distributed.distributed_c10d][INFO] - Rank 3: Completed store-based barrier for key:store_based_barrier_key:1 with 4 nodes.
[2022-07-22 10:20:13,112][torch.distributed.nn.jit.instantiator][INFO] - Created a temporary directory at /state/partition1/job-22649522/tmp0h9c21dz
[2022-07-22 10:20:13,118][torch.distributed.nn.jit.instantiator][INFO] - Writing /state/partition1/job-22649522/tmp0h9c21dz/_remote_module_non_sriptable.py
[2022-07-22 10:20:16,525][torch.distributed.distributed_c10d][INFO] - Added key: store_based_barrier_key:1 to store for rank: 3
[2022-07-22 10:20:16,535][torch.distributed.distributed_c10d][INFO] - Rank 3: Completed store-based barrier for key:store_based_barrier_key:1 with 4 nodes.
[2022-07-24 11:40:21,870][torch.distributed.nn.jit.instantiator][INFO] - Created a temporary directory at /state/partition1/job-22715427/tmpexij44gi
[2022-07-24 11:40:21,887][torch.distributed.nn.jit.instantiator][INFO] - Writing /state/partition1/job-22715427/tmpexij44gi/_remote_module_non_sriptable.py
[2022-07-24 11:40:25,987][torch.distributed.distributed_c10d][INFO] - Added key: store_based_barrier_key:1 to store for rank: 3
[2022-07-24 11:40:25,997][torch.distributed.distributed_c10d][INFO] - Rank 3: Completed store-based barrier for key:store_based_barrier_key:1 with 4 nodes.
[2022-07-24 17:23:57,965][torch.distributed.nn.jit.instantiator][INFO] - Created a temporary directory at /state/partition1/job-22720332/tmpk8c30z4z
[2022-07-24 17:23:57,980][torch.distributed.nn.jit.instantiator][INFO] - Writing /state/partition1/job-22720332/tmpk8c30z4z/_remote_module_non_sriptable.py
[2022-07-24 17:24:01,374][torch.distributed.distributed_c10d][INFO] - Added key: store_based_barrier_key:1 to store for rank: 3
[2022-07-24 17:24:01,394][torch.distributed.distributed_c10d][INFO] - Rank 3: Completed store-based barrier for key:store_based_barrier_key:1 with 4 nodes.
[2022-07-24 18:54:30,509][torch.distributed.nn.jit.instantiator][INFO] - Created a temporary directory at /state/partition1/job-22725385/tmp52qnybg_
[2022-07-24 18:54:30,526][torch.distributed.nn.jit.instantiator][INFO] - Writing /state/partition1/job-22725385/tmp52qnybg_/_remote_module_non_sriptable.py
[2022-07-24 18:54:34,688][torch.distributed.distributed_c10d][INFO] - Added key: store_based_barrier_key:1 to store for rank: 3
[2022-07-24 18:54:34,698][torch.distributed.distributed_c10d][INFO] - Rank 3: Completed store-based barrier for key:store_based_barrier_key:1 with 4 nodes.
[2022-07-24 22:04:56,478][torch.distributed.nn.jit.instantiator][INFO] - Created a temporary directory at /state/partition1/job-22727871/tmpr_ojj2bz
[2022-07-24 22:04:56,489][torch.distributed.nn.jit.instantiator][INFO] - Writing /state/partition1/job-22727871/tmpr_ojj2bz/_remote_module_non_sriptable.py
[2022-07-24 22:04:59,606][torch.distributed.distributed_c10d][INFO] - Added key: store_based_barrier_key:1 to store for rank: 3
[2022-07-24 22:04:59,617][torch.distributed.distributed_c10d][INFO] - Rank 3: Completed store-based barrier for key:store_based_barrier_key:1 with 4 nodes.
[2022-07-31 13:19:40,090][torch.distributed.nn.jit.instantiator][INFO] - Created a temporary directory at /state/partition1/job-23042852/tmp5lv85wja
[2022-07-31 13:19:40,110][torch.distributed.nn.jit.instantiator][INFO] - Writing /state/partition1/job-23042852/tmp5lv85wja/_remote_module_non_sriptable.py
[2022-07-31 13:19:43,359][torch.distributed.distributed_c10d][INFO] - Added key: store_based_barrier_key:1 to store for rank: 3
[2022-07-31 13:19:43,369][torch.distributed.distributed_c10d][INFO] - Rank 3: Completed store-based barrier for key:store_based_barrier_key:1 with 4 nodes.
[2022-08-01 19:48:18,058][torch.distributed.nn.jit.instantiator][INFO] - Created a temporary directory at /state/partition1/job-23096810/tmptzzar2t0
[2022-08-01 19:48:18,096][torch.distributed.nn.jit.instantiator][INFO] - Writing /state/partition1/job-23096810/tmptzzar2t0/_remote_module_non_sriptable.py
[2022-08-01 19:48:28,227][torch.distributed.distributed_c10d][INFO] - Added key: store_based_barrier_key:1 to store for rank: 3
[2022-08-01 19:48:28,248][torch.distributed.distributed_c10d][INFO] - Rank 3: Completed store-based barrier for key:store_based_barrier_key:1 with 4 nodes.
[2022-08-10 16:21:24,136][torch.distributed.nn.jit.instantiator][INFO] - Created a temporary directory at /state/partition1/job-23451284/tmpftxdyx1f
[2022-08-10 16:21:24,150][torch.distributed.nn.jit.instantiator][INFO] - Writing /state/partition1/job-23451284/tmpftxdyx1f/_remote_module_non_sriptable.py
[2022-08-10 16:21:27,567][torch.distributed.distributed_c10d][INFO] - Added key: store_based_barrier_key:1 to store for rank: 3
[2022-08-10 16:21:27,577][torch.distributed.distributed_c10d][INFO] - Rank 3: Completed store-based barrier for key:store_based_barrier_key:1 with 4 nodes.
[2022-08-24 22:33:04,137][torch.distributed.nn.jit.instantiator][INFO] - Created a temporary directory at /state/partition1/job-24084661/tmptb8ksxza
[2022-08-24 22:33:04,164][torch.distributed.nn.jit.instantiator][INFO] - Writing /state/partition1/job-24084661/tmptb8ksxza/_remote_module_non_sriptable.py
[2022-08-24 22:33:09,384][torch.distributed.distributed_c10d][INFO] - Added key: store_based_barrier_key:1 to store for rank: 3
[2022-08-24 22:33:09,394][torch.distributed.distributed_c10d][INFO] - Rank 3: Completed store-based barrier for key:store_based_barrier_key:1 with 4 nodes.
[2022-09-05 12:46:22,723][torch.distributed.nn.jit.instantiator][INFO] - Created a temporary directory at /state/partition1/job-24480656/tmpdgev1fdt
[2022-09-05 12:46:22,734][torch.distributed.nn.jit.instantiator][INFO] - Writing /state/partition1/job-24480656/tmpdgev1fdt/_remote_module_non_sriptable.py
[2022-09-05 12:46:25,954][wandb][INFO] - Watching
[2022-09-11 10:52:29,313][torch.distributed.nn.jit.instantiator][INFO] - Created a temporary directory at /state/partition1/job-24732844/tmpjmue37gz
[2022-09-11 10:52:29,331][torch.distributed.nn.jit.instantiator][INFO] - Writing /state/partition1/job-24732844/tmpjmue37gz/_remote_module_non_sriptable.py
[2022-09-11 10:52:30,198][torch.distributed.nn.jit.instantiator][INFO] - Created a temporary directory at /state/partition1/job-24732843/tmprl6wyh74
[2022-09-11 10:52:30,199][torch.distributed.nn.jit.instantiator][INFO] - Writing /state/partition1/job-24732843/tmprl6wyh74/_remote_module_non_sriptable.py
[2022-09-11 10:52:32,504][torch.distributed.distributed_c10d][INFO] - Added key: store_based_barrier_key:1 to store for rank: 3
[2022-09-11 10:52:32,516][torch.distributed.distributed_c10d][INFO] - Rank 3: Completed store-based barrier for key:store_based_barrier_key:1 with 4 nodes.
[2022-09-11 10:52:33,290][torch.distributed.distributed_c10d][INFO] - Added key: store_based_barrier_key:1 to store for rank: 3
[2022-09-11 10:52:33,302][torch.distributed.distributed_c10d][INFO] - Rank 3: Completed store-based barrier for key:store_based_barrier_key:1 with 4 nodes.
[2022-09-12 06:27:46,518][torch.distributed.nn.jit.instantiator][INFO] - Created a temporary directory at /state/partition1/job-24756283/tmp_qsfekof
[2022-09-12 06:27:46,537][torch.distributed.nn.jit.instantiator][INFO] - Writing /state/partition1/job-24756283/tmp_qsfekof/_remote_module_non_sriptable.py
[2022-09-12 06:27:49,513][torch.distributed.distributed_c10d][INFO] - Added key: store_based_barrier_key:1 to store for rank: 3
[2022-09-12 06:27:49,523][torch.distributed.distributed_c10d][INFO] - Rank 3: Completed store-based barrier for key:store_based_barrier_key:1 with 4 nodes.
