[2022-07-17 11:56:27,793][torch.distributed.nn.jit.instantiator][INFO] - Created a temporary directory at /state/partition1/job-22376056/tmpstn_469c
[2022-07-17 11:56:27,793][torch.distributed.nn.jit.instantiator][INFO] - Writing /state/partition1/job-22376056/tmpstn_469c/_remote_module_non_sriptable.py
[2022-07-17 11:56:31,596][torch.distributed.distributed_c10d][INFO] - Added key: store_based_barrier_key:1 to store for rank: 2
[2022-07-17 11:56:34,876][torch.distributed.distributed_c10d][INFO] - Rank 2: Completed store-based barrier for key:store_based_barrier_key:1 with 4 nodes.
[2022-07-19 12:44:22,167][torch.distributed.nn.jit.instantiator][INFO] - Created a temporary directory at /state/partition1/job-22549451/tmpbl_9qnd4
[2022-07-19 12:44:22,168][torch.distributed.nn.jit.instantiator][INFO] - Writing /state/partition1/job-22549451/tmpbl_9qnd4/_remote_module_non_sriptable.py
[2022-07-19 12:44:25,623][torch.distributed.distributed_c10d][INFO] - Added key: store_based_barrier_key:1 to store for rank: 2
[2022-07-19 12:44:28,986][torch.distributed.distributed_c10d][INFO] - Rank 2: Completed store-based barrier for key:store_based_barrier_key:1 with 4 nodes.
[2022-07-19 14:49:55,498][torch.distributed.nn.jit.instantiator][INFO] - Created a temporary directory at /state/partition1/job-22553202/tmppbtwlrtl
[2022-07-19 14:49:55,499][torch.distributed.nn.jit.instantiator][INFO] - Writing /state/partition1/job-22553202/tmppbtwlrtl/_remote_module_non_sriptable.py
[2022-07-19 14:50:01,188][torch.distributed.distributed_c10d][INFO] - Added key: store_based_barrier_key:1 to store for rank: 2
[2022-07-19 14:50:02,914][torch.distributed.distributed_c10d][INFO] - Rank 2: Completed store-based barrier for key:store_based_barrier_key:1 with 4 nodes.
[2022-07-19 16:49:04,388][torch.distributed.nn.jit.instantiator][INFO] - Created a temporary directory at /state/partition1/job-22557397/tmp_8z9avb4
[2022-07-19 16:49:04,390][torch.distributed.nn.jit.instantiator][INFO] - Writing /state/partition1/job-22557397/tmp_8z9avb4/_remote_module_non_sriptable.py
[2022-07-19 16:49:07,784][torch.distributed.distributed_c10d][INFO] - Added key: store_based_barrier_key:1 to store for rank: 2
[2022-07-19 16:49:10,661][torch.distributed.distributed_c10d][INFO] - Rank 2: Completed store-based barrier for key:store_based_barrier_key:1 with 4 nodes.
[2022-07-20 02:52:08,261][torch.distributed.nn.jit.instantiator][INFO] - Created a temporary directory at /state/partition1/job-22567753/tmpefbdpd17
[2022-07-20 02:52:08,262][torch.distributed.nn.jit.instantiator][INFO] - Writing /state/partition1/job-22567753/tmpefbdpd17/_remote_module_non_sriptable.py
[2022-07-20 02:52:12,006][torch.distributed.distributed_c10d][INFO] - Added key: store_based_barrier_key:1 to store for rank: 2
[2022-07-20 02:52:14,022][torch.distributed.distributed_c10d][INFO] - Rank 2: Completed store-based barrier for key:store_based_barrier_key:1 with 4 nodes.
[2022-07-20 10:01:50,553][torch.distributed.nn.jit.instantiator][INFO] - Created a temporary directory at /state/partition1/job-22576926/tmpk9qerlln
[2022-07-20 10:01:50,554][torch.distributed.nn.jit.instantiator][INFO] - Writing /state/partition1/job-22576926/tmpk9qerlln/_remote_module_non_sriptable.py
[2022-07-20 10:01:55,856][torch.distributed.distributed_c10d][INFO] - Added key: store_based_barrier_key:1 to store for rank: 2
[2022-07-20 10:01:58,488][torch.distributed.distributed_c10d][INFO] - Rank 2: Completed store-based barrier for key:store_based_barrier_key:1 with 4 nodes.
[2022-07-22 04:01:31,122][torch.distributed.nn.jit.instantiator][INFO] - Created a temporary directory at /state/partition1/job-22647070/tmpvo_34zmy
[2022-07-22 04:01:31,124][torch.distributed.nn.jit.instantiator][INFO] - Writing /state/partition1/job-22647070/tmpvo_34zmy/_remote_module_non_sriptable.py
[2022-07-22 04:01:35,300][torch.distributed.distributed_c10d][INFO] - Added key: store_based_barrier_key:1 to store for rank: 2
[2022-07-22 04:01:38,093][torch.distributed.distributed_c10d][INFO] - Rank 2: Completed store-based barrier for key:store_based_barrier_key:1 with 4 nodes.
[2022-07-22 10:19:23,598][torch.distributed.nn.jit.instantiator][INFO] - Created a temporary directory at /state/partition1/job-22649262/tmp07mnjb_s
[2022-07-22 10:19:23,677][torch.distributed.nn.jit.instantiator][INFO] - Writing /state/partition1/job-22649262/tmp07mnjb_s/_remote_module_non_sriptable.py
[2022-07-22 10:19:27,045][torch.distributed.distributed_c10d][INFO] - Added key: store_based_barrier_key:1 to store for rank: 2
[2022-07-22 10:19:29,696][torch.distributed.distributed_c10d][INFO] - Rank 2: Completed store-based barrier for key:store_based_barrier_key:1 with 4 nodes.
[2022-07-22 10:20:10,612][torch.distributed.nn.jit.instantiator][INFO] - Created a temporary directory at /state/partition1/job-22649522/tmpcz2wwazy
[2022-07-22 10:20:10,615][torch.distributed.nn.jit.instantiator][INFO] - Writing /state/partition1/job-22649522/tmpcz2wwazy/_remote_module_non_sriptable.py
[2022-07-22 10:20:14,260][torch.distributed.distributed_c10d][INFO] - Added key: store_based_barrier_key:1 to store for rank: 2
[2022-07-22 10:20:16,541][torch.distributed.distributed_c10d][INFO] - Rank 2: Completed store-based barrier for key:store_based_barrier_key:1 with 4 nodes.
[2022-07-24 11:40:18,625][torch.distributed.nn.jit.instantiator][INFO] - Created a temporary directory at /state/partition1/job-22715427/tmpp00ntstw
[2022-07-24 11:40:18,650][torch.distributed.nn.jit.instantiator][INFO] - Writing /state/partition1/job-22715427/tmpp00ntstw/_remote_module_non_sriptable.py
[2022-07-24 11:40:22,829][torch.distributed.distributed_c10d][INFO] - Added key: store_based_barrier_key:1 to store for rank: 2
[2022-07-24 11:40:26,004][torch.distributed.distributed_c10d][INFO] - Rank 2: Completed store-based barrier for key:store_based_barrier_key:1 with 4 nodes.
[2022-07-24 17:23:56,187][torch.distributed.nn.jit.instantiator][INFO] - Created a temporary directory at /state/partition1/job-22720332/tmp3cvbq73r
[2022-07-24 17:23:56,203][torch.distributed.nn.jit.instantiator][INFO] - Writing /state/partition1/job-22720332/tmp3cvbq73r/_remote_module_non_sriptable.py
[2022-07-24 17:23:59,790][torch.distributed.distributed_c10d][INFO] - Added key: store_based_barrier_key:1 to store for rank: 2
[2022-07-24 17:24:01,386][torch.distributed.distributed_c10d][INFO] - Rank 2: Completed store-based barrier for key:store_based_barrier_key:1 with 4 nodes.
[2022-07-24 18:54:28,428][torch.distributed.nn.jit.instantiator][INFO] - Created a temporary directory at /state/partition1/job-22725385/tmpknt1uvm9
[2022-07-24 18:54:28,447][torch.distributed.nn.jit.instantiator][INFO] - Writing /state/partition1/job-22725385/tmpknt1uvm9/_remote_module_non_sriptable.py
[2022-07-24 18:54:34,219][torch.distributed.distributed_c10d][INFO] - Added key: store_based_barrier_key:1 to store for rank: 2
[2022-07-24 18:54:34,704][torch.distributed.distributed_c10d][INFO] - Rank 2: Completed store-based barrier for key:store_based_barrier_key:1 with 4 nodes.
[2022-07-24 22:04:51,627][torch.distributed.nn.jit.instantiator][INFO] - Created a temporary directory at /state/partition1/job-22727871/tmpwuq8j9oc
[2022-07-24 22:04:51,647][torch.distributed.nn.jit.instantiator][INFO] - Writing /state/partition1/job-22727871/tmpwuq8j9oc/_remote_module_non_sriptable.py
[2022-07-24 22:04:58,525][torch.distributed.distributed_c10d][INFO] - Added key: store_based_barrier_key:1 to store for rank: 2
[2022-07-24 22:04:59,614][torch.distributed.distributed_c10d][INFO] - Rank 2: Completed store-based barrier for key:store_based_barrier_key:1 with 4 nodes.
[2022-07-31 13:19:38,698][torch.distributed.nn.jit.instantiator][INFO] - Created a temporary directory at /state/partition1/job-23042852/tmpcmm5tgkv
[2022-07-31 13:19:38,716][torch.distributed.nn.jit.instantiator][INFO] - Writing /state/partition1/job-23042852/tmpcmm5tgkv/_remote_module_non_sriptable.py
[2022-07-31 13:19:42,194][torch.distributed.distributed_c10d][INFO] - Added key: store_based_barrier_key:1 to store for rank: 2
[2022-07-31 13:19:43,374][torch.distributed.distributed_c10d][INFO] - Rank 2: Completed store-based barrier for key:store_based_barrier_key:1 with 4 nodes.
[2022-08-01 19:48:15,301][torch.distributed.nn.jit.instantiator][INFO] - Created a temporary directory at /state/partition1/job-23096810/tmpiidm8zv3
[2022-08-01 19:48:15,336][torch.distributed.nn.jit.instantiator][INFO] - Writing /state/partition1/job-23096810/tmpiidm8zv3/_remote_module_non_sriptable.py
[2022-08-01 19:48:28,176][torch.distributed.distributed_c10d][INFO] - Added key: store_based_barrier_key:1 to store for rank: 2
[2022-08-01 19:48:28,242][torch.distributed.distributed_c10d][INFO] - Rank 2: Completed store-based barrier for key:store_based_barrier_key:1 with 4 nodes.
[2022-08-10 16:21:22,574][torch.distributed.nn.jit.instantiator][INFO] - Created a temporary directory at /state/partition1/job-23451284/tmpqinefd8_
[2022-08-10 16:21:22,589][torch.distributed.nn.jit.instantiator][INFO] - Writing /state/partition1/job-23451284/tmpqinefd8_/_remote_module_non_sriptable.py
[2022-08-10 16:21:27,436][torch.distributed.distributed_c10d][INFO] - Added key: store_based_barrier_key:1 to store for rank: 2
[2022-08-10 16:21:27,572][torch.distributed.distributed_c10d][INFO] - Rank 2: Completed store-based barrier for key:store_based_barrier_key:1 with 4 nodes.
[2022-08-24 22:33:00,313][torch.distributed.nn.jit.instantiator][INFO] - Created a temporary directory at /state/partition1/job-24084661/tmp9u1iaepx
[2022-08-24 22:33:00,326][torch.distributed.nn.jit.instantiator][INFO] - Writing /state/partition1/job-24084661/tmp9u1iaepx/_remote_module_non_sriptable.py
[2022-08-24 22:33:06,506][torch.distributed.distributed_c10d][INFO] - Added key: store_based_barrier_key:1 to store for rank: 2
[2022-08-24 22:33:09,393][torch.distributed.distributed_c10d][INFO] - Rank 2: Completed store-based barrier for key:store_based_barrier_key:1 with 4 nodes.
[2022-09-05 12:46:20,582][torch.distributed.nn.jit.instantiator][INFO] - Created a temporary directory at /state/partition1/job-24480656/tmplctjo_f2
[2022-09-05 12:46:20,596][torch.distributed.nn.jit.instantiator][INFO] - Writing /state/partition1/job-24480656/tmplctjo_f2/_remote_module_non_sriptable.py
[2022-09-05 12:46:23,959][wandb][INFO] - Watching
[2022-09-11 10:52:26,337][torch.distributed.nn.jit.instantiator][INFO] - Created a temporary directory at /state/partition1/job-24732844/tmp94rl8le2
[2022-09-11 10:52:26,352][torch.distributed.nn.jit.instantiator][INFO] - Writing /state/partition1/job-24732844/tmp94rl8le2/_remote_module_non_sriptable.py
[2022-09-11 10:52:26,728][torch.distributed.nn.jit.instantiator][INFO] - Created a temporary directory at /state/partition1/job-24732843/tmpnxnkstyv
[2022-09-11 10:52:26,729][torch.distributed.nn.jit.instantiator][INFO] - Writing /state/partition1/job-24732843/tmpnxnkstyv/_remote_module_non_sriptable.py
[2022-09-11 10:52:30,006][torch.distributed.distributed_c10d][INFO] - Added key: store_based_barrier_key:1 to store for rank: 2
[2022-09-11 10:52:30,281][torch.distributed.distributed_c10d][INFO] - Added key: store_based_barrier_key:1 to store for rank: 2
[2022-09-11 10:52:32,519][torch.distributed.distributed_c10d][INFO] - Rank 2: Completed store-based barrier for key:store_based_barrier_key:1 with 4 nodes.
[2022-09-11 10:52:33,303][torch.distributed.distributed_c10d][INFO] - Rank 2: Completed store-based barrier for key:store_based_barrier_key:1 with 4 nodes.
[2022-09-12 06:27:44,852][torch.distributed.nn.jit.instantiator][INFO] - Created a temporary directory at /state/partition1/job-24756283/tmp_qcx6odo
[2022-09-12 06:27:44,865][torch.distributed.nn.jit.instantiator][INFO] - Writing /state/partition1/job-24756283/tmp_qcx6odo/_remote_module_non_sriptable.py
[2022-09-12 06:27:49,207][torch.distributed.distributed_c10d][INFO] - Added key: store_based_barrier_key:1 to store for rank: 2
[2022-09-12 06:27:49,527][torch.distributed.distributed_c10d][INFO] - Rank 2: Completed store-based barrier for key:store_based_barrier_key:1 with 4 nodes.
